<?xml version="1.0" encoding="UTF-8"?>
<!-- Generated by org.testng.reporters.JUnitXMLReporter -->
<testsuite ignored="0" hostname="Koushik" failures="1" tests="2" name="Test" time="11.445" errors="0" timestamp="29 Apr 2021 09:56:32 GMT">
  <testcase classname="test.TC001LoginTest" name="login" time="4.362"/>
  <testcase classname="test.TC002LoginTest" name="login2" time="4.605">
    <failure type="java.lang.AssertionError" message="expected [Welcome Koushik LetCode] but found [Welcome Koushik letCode]">
      <![CDATA[java.lang.AssertionError: expected [Welcome Koushik LetCode] but found [Welcome Koushik letCode]
at test.TC002LoginTest.login2(TC002LoginTest.java:26)
at java.base/java.util.concurrent.ThreadPoolExecutor.runWorker(ThreadPoolExecutor.java:1128)
at java.base/java.util.concurrent.ThreadPoolExecutor$Worker.run(ThreadPoolExecutor.java:628)
at java.base/java.lang.Thread.run(Thread.java:834)
... Removed 16 stack frames]]>
    </failure>
  </testcase> <!-- login2 -->
</testsuite> <!-- Test -->
