<?xml version="1.0" encoding="UTF-8"?>
<testng-results ignored="0" total="1" passed="1" failed="0" skipped="0">
  <reporter-output>
  </reporter-output>
  <suite started-at="2021-04-29T10:20:19Z" name="Default suite" finished-at="2021-04-29T10:20:28Z" duration-ms="9428">
    <groups>
    </groups>
    <test started-at="2021-04-29T10:20:19Z" name="Default test" finished-at="2021-04-29T10:20:28Z" duration-ms="9428">
      <class name="test.TC001LoginTest">
        <test-method is-config="true" signature="launchBrowser()[pri:0, instance:test.TC001LoginTest@7a675056]" started-at="2021-04-29T10:20:19Z" name="launchBrowser" finished-at="2021-04-29T10:20:23Z" duration-ms="4605" status="PASS">
          <reporter-output>
          </reporter-output>
        </test-method> <!-- launchBrowser -->
        <test-method signature="login()[pri:0, instance:test.TC001LoginTest@7a675056]" started-at="2021-04-29T10:20:23Z" name="login" finished-at="2021-04-29T10:20:27Z" duration-ms="3981" status="PASS">
          <reporter-output>
          </reporter-output>
        </test-method> <!-- login -->
        <test-method is-config="true" signature="closeBrowser()[pri:0, instance:test.TC001LoginTest@7a675056]" started-at="2021-04-29T10:20:27Z" name="closeBrowser" finished-at="2021-04-29T10:20:28Z" duration-ms="808" status="PASS">
          <reporter-output>
          </reporter-output>
        </test-method> <!-- closeBrowser -->
      </class> <!-- test.TC001LoginTest -->
    </test> <!-- Default test -->
  </suite> <!-- Default suite -->
</testng-results>
